app/build/outputs/mapping/android/debug/seeds.txt
com.qweri.phonenumbermanager.AddBlockNumberActivity
com.qweri.phonenumbermanager.AddBlockNumberActivity: AddBlockNumberActivity()
com.qweri.phonenumbermanager.BootBroadCastReceiver
com.qweri.phonenumbermanager.BootBroadCastReceiver: BootBroadCastReceiver()
com.qweri.phonenumbermanager.CoreService
com.qweri.phonenumbermanager.CoreService: CoreService()
com.qweri.phonenumbermanager.InterceptService
com.qweri.phonenumbermanager.InterceptService: InterceptService()
com.qweri.phonenumbermanager.MainActivity
com.qweri.phonenumbermanager.MainActivity: MainActivity()
com.qweri.phonenumbermanager.MainActivity: void onClick(android.view.View)
com.qweri.phonenumbermanager.MainApplication
com.qweri.phonenumbermanager.MainApplication: MainApplication()
com.qweri.phonenumbermanager.R$anim: int abc_fade_in
com.qweri.phonenumbermanager.R$anim: int abc_fade_out
com.qweri.phonenumbermanager.R$anim: int abc_grow_fade_in_from_bottom
com.qweri.phonenumbermanager.R$anim: int abc_popup_enter
com.qweri.phonenumbermanager.R$anim: int abc_popup_exit
com.qweri.phonenumbermanager.R$anim: int abc_shrink_fade_out_from_bottom
com.qweri.phonenumbermanager.R$anim: int abc_slide_in_bottom
com.qweri.phonenumbermanager.R$anim: int abc_slide_in_top
com.qweri.phonenumbermanager.R$anim: int abc_slide_out_bottom
com.qweri.phonenumbermanager.R$anim: int abc_slide_out_top
com.qweri.phonenumbermanager.R$array: int titles
com.qweri.phonenumbermanager.R$attr: int actionBarDivider
com.qweri.phonenumbermanager.R$attr: int actionBarItemBackground
com.qweri.phonenumbermanager.R$attr: int actionBarPopupTheme
com.qweri.phonenumbermanager.R$attr: int actionBarSize
com.qweri.phonenumbermanager.R$attr: int actionBarSplitStyle
com.qweri.phonenumbermanager.R$attr: int actionBarStyle
com.qweri.phonenumbermanager.R$attr: int actionBarTabBarStyle
com.qweri.phonenumbermanager.R$attr: int actionBarTabStyle
com.qweri.phonenumbermanager.R$attr: int actionBarTabTextStyle
com.qweri.phonenumbermanager.R$attr: int actionBarTheme
com.qweri.phonenumbermanager.R$attr: int actionBarWidgetTheme
com.qweri.phonenumbermanager.R$attr: int actionButtonStyle
com.qweri.phonenumbermanager.R$attr: int actionDropDownStyle
com.qweri.phonenumbermanager.R$attr: int actionLayout
com.qweri.phonenumbermanager.R$attr: int actionMenuTextAppearance
com.qweri.phonenumbermanager.R$attr: int actionMenuTextColor
com.qweri.phonenumbermanager.R$attr: int actionModeBackground
com.qweri.phonenumbermanager.R$attr: int actionModeCloseButtonStyle
com.qweri.phonenumbermanager.R$attr: int actionModeCloseDrawable
com.qweri.phonenumbermanager.R$attr: int actionModeCopyDrawable
com.qweri.phonenumbermanager.R$attr: int actionModeCutDrawable
com.qweri.phonenumbermanager.R$attr: int actionModeFindDrawable
com.qweri.phonenumbermanager.R$attr: int actionModePasteDrawable
com.qweri.phonenumbermanager.R$attr: int actionModePopupWindowStyle
com.qweri.phonenumbermanager.R$bool: int abc_action_bar_embed_tabs
com.qweri.phonenumbermanager.R$bool: int abc_allow_stacked_button_bar
com.qweri.phonenumbermanager.R$bool: int abc_config_actionMenuItemAllCaps
com.qweri.phonenumbermanager.R$bool: int abc_config_closeDialogWhenTouchOutside
com.qweri.phonenumbermanager.R$bool: int abc_config_showMenuShortcutsWhenKeyboardPresent
...
android.support.v4.app.FragmentTransaction
android.support.v4.app.FragmentTransaction: int TRANSIT_ENTER_MASK
android.support.v4.app.FragmentTransaction: int TRANSIT_EXIT_MASK
android.support.v4.app.FragmentTransaction: int TRANSIT_UNSET
android.support.v4.app.FragmentTransaction: int TRANSIT_NONE
android.support.v4.app.FragmentTransaction: int TRANSIT_FRAGMENT_OPEN
android.support.v4.app.FragmentTransaction: int TRANSIT_FRAGMENT_CLOSE
android.support.v4.app.FragmentTransaction: int TRANSIT_FRAGMENT_FADE
android.support.v4.app.FragmentTransaction: FragmentTransaction()
android.support.v4.app.FragmentTransaction: android.support.v4.app.FragmentTransaction add(android.support.v4.app.Fragment,java.lang.String)
android.support.v4.app.FragmentTransaction: android.support.v4.app.FragmentTransaction add(int,android.support.v4.app.Fragment)
android.support.v4.app.FragmentTransaction: android.support.v4.app.FragmentTransaction add(int,android.support.v4.app.Fragment,java.lang.String)
android.support.v4.app.FragmentTransaction: android.support.v4.app.FragmentTransaction replace(int,android.support.v4.app.Fragment)
android.support.v4.app.FragmentTransaction: android.support.v4.app.FragmentTransaction replace(int,android.support.v4.app.Fragment,java.lang.String)
android.support.v4.app.FragmentTransaction: android.support.v4.app.FragmentTransaction remove(android.support.v4.app.Fragment)
android.support.v4.app.FragmentTransitionCompat21$EpicenterView
android.support.v4.app.FragmentTransitionCompat21$EpicenterView: android.view.View epicenter
android.support.v4.app.FragmentTransitionCompat21$EpicenterView: FragmentTransitionCompat21$EpicenterView()
android.support.v4.app.FragmentTransitionCompat21$ViewRetriever
android.support.v4.app.FragmentTransitionCompat21$ViewRetriever: android.view.View getView()
android.support.v4.app.INotificationSideChannel
android.support.v4.app.INotificationSideChannel: void notify(java.lang.String,int,java.lang.String,android.app.Notification)
android.support.v4.app.INotificationSideChannel: void cancel(java.lang.String,int,java.lang.String)
android.support.v4.app.INotificationSideChannel: void cancelAll(java.lang.String)
android.support.v4.app.INotificationSideChannel$Stub
android.support.v4.app.INotificationSideChannel$Stub: java.lang.String DESCRIPTOR
android.support.v4.app.INotificationSideChannel$Stub: int TRANSACTION_notify
android.support.v4.app.INotificationSideChannel$Stub: int TRANSACTION_cancel
android.support.v4.app.INotificationSideChannel$Stub: int TRANSACTION_cancelAll
android.support.v4.app.INotificationSideChannel$Stub: INotificationSideChannel$Stub()
android.support.v4.app.INotificationSideChannel$Stub: android.support.v4.app.INotificationSideChannel asInterface(android.os.IBinder)
android.support.v4.app.INotificationSideChannel$Stub: android.os.IBinder asBinder()
android.support.v4.app.INotificationSideChannel$Stub: boolean onTransact(int,android.os.Parcel,android.os.Parcel,int)