app/build/outputs/mapping/android/debug/mapping.txt
com.qweri.phonenumbermanager.AddBlockNumberActivity -> com.qweri.phonenumbermanager.AddBlockNumberActivity:
    java.lang.String TAG -> a
    android.support.v4.view.ViewPager mViewPager -> b
    android.support.v4.app.Fragment mCallLogFragment -> c
    android.support.v4.app.Fragment mAllContactFragment -> d
    android.support.v4.app.Fragment mManualAddFragment -> e
    android.support.v7.widget.Toolbar mToolbar -> f
    com.qweri.phonenumbermanager.widget.NavigationTabStrip mTabStrip -> g
    16:71:void <init>() -> <init>
    29:46:void onCreate(android.os.Bundle) -> onCreate
    50:56:boolean onOptionsItemSelected(android.view.MenuItem) -> onOptionsItemSelected
    61:63:void onResume() -> onResume
    67:69:void onStop() -> onStop
    16:16:android.support.v4.app.Fragment access$000(com.qweri.phonenumbermanager.AddBlockNumberActivity) -> a
    16:16:android.support.v4.app.Fragment access$100(com.qweri.phonenumbermanager.AddBlockNumberActivity) -> b
    16:16:android.support.v4.app.Fragment access$200(com.qweri.phonenumbermanager.AddBlockNumberActivity) -> c
    18:18:void <clinit>() -> <clinit>
com.qweri.phonenumbermanager.AddBlockNumberActivity$MyPagerAdapter -> com.qweri.phonenumbermanager.AddBlockNumberActivity$a:
    com.qweri.phonenumbermanager.AddBlockNumberActivity this$0 -> a
    73:75:void <init>(com.qweri.phonenumbermanager.AddBlockNumberActivity,android.support.v4.app.FragmentManager) -> <init>
    79:84:android.support.v4.app.Fragment getItem(int) -> getItem
    90:90:int getCount() -> getCount
com.qweri.phonenumbermanager.AllContactFragment -> com.qweri.phonenumbermanager.a:
    java.lang.String TAG -> b
    android.widget.ListView mListView -> c
    com.qweri.phonenumbermanager.adapter.AllContactAdapter allContactAdapter -> d
    java.util.List contactList -> e
    android.database.Cursor mCursor -> f
    android.database.Cursor mCursor1 -> g
    android.content.Context mContext -> h
    android.os.Handler handler -> a
    31:42:void <init>() -> <init>
    55:64:android.view.View onCreateView(android.view.LayoutInflater,android.view.ViewGroup,android.os.Bundle) -> onCreateView
    69:77:void onItemClick(android.widget.AdapterView,android.view.View,int,long) -> onItemClick
    80:127:void getAllContact() -> b
    131:135:void onDestroy() -> onDestroy
    138:138:void onClick(android.view.View) -> onClick
    31:31:com.qweri.phonenumbermanager.adapter.AllContactAdapter access$000(com.qweri.phonenumbermanager.AllContactFragment) -> a
    31:31:android.content.Context access$100(com.qweri.phonenumbermanager.AllContactFragment) -> b
    31:31:android.database.Cursor access$202(com.qweri.phonenumbermanager.AllContactFragment,android.database.Cursor) -> a
    31:31:android.database.Cursor access$200(com.qweri.phonenumbermanager.AllContactFragment) -> c
    31:31:android.database.Cursor access$302(com.qweri.phonenumbermanager.AllContactFragment,android.database.Cursor) -> b
    31:31:android.database.Cursor access$300(com.qweri.phonenumbermanager.AllContactFragment) -> d
com.qweri.phonenumbermanager.AllContactFragment$1 -> com.qweri.phonenumbermanager.a$1:
    com.qweri.phonenumbermanager.AllContactFragment this$0 -> a
    42:42:void <init>(com.qweri.phonenumbermanager.AllContactFragment) -> <init>
    44:48:void handleMessage(android.os.Message) -> handleMessage
com.qweri.phonenumbermanager.AllContactFragment$2 -> com.qweri.phonenumbermanager.a$2:
    com.qweri.phonenumbermanager.AllContactFragment this$0 -> a
    81:81:void <init>(com.qweri.phonenumbermanager.AllContactFragment) -> <init>
    84:125:void run() -> run
...
android.support.v4.view.MenuItemCompat$IcsMenuVersionImpl -> android.support.v4.view.MenuItemCompat$c:
    200:200:void <init>() -> <init>
    203:203:boolean expandActionView(android.view.MenuItem) -> b
    208:208:boolean collapseActionView(android.view.MenuItem) -> c
    213:213:boolean isActionViewExpanded(android.view.MenuItem) -> d
    219:227:android.view.MenuItem setOnActionExpandListener(android.view.MenuItem,android.support.v4.view.MenuItemCompat$OnActionExpandListener) -> a
android.support.v4.view.MenuItemCompat$IcsMenuVersionImpl$1 -> android.support.v4.view.MenuItemCompat$c$1:
    android.support.v4.view.MenuItemCompat$OnActionExpandListener val$listener -> a
    android.support.v4.view.MenuItemCompat$IcsMenuVersionImpl this$0 -> b
    228:228:void <init>(android.support.v4.view.MenuItemCompat$IcsMenuVersionImpl,android.support.v4.view.MenuItemCompat$OnActionExpandListener) -> <init>
    231:231:boolean onMenuItemActionExpand(android.view.MenuItem) -> a
    236:236:boolean onMenuItemActionCollapse(android.view.MenuItem) -> b
android.support.v4.view.MenuItemCompat$MenuVersionImpl -> android.support.v4.view.MenuItemCompat$d:
    void setShowAsAction(android.view.MenuItem,int) -> a
    android.view.MenuItem setActionView(android.view.MenuItem,android.view.View) -> a
    android.view.MenuItem setActionView(android.view.MenuItem,int) -> b
    android.view.View getActionView(android.view.MenuItem) -> a
    boolean expandActionView(android.view.MenuItem) -> b
    boolean collapseActionView(android.view.MenuItem) -> c
    boolean isActionViewExpanded(android.view.MenuItem) -> d
    android.view.MenuItem setOnActionExpandListener(android.view.MenuItem,android.support.v4.view.MenuItemCompat$OnActionExpandListener) -> a
android.support.v4.view.MenuItemCompat$OnActionExpandListener -> android.support.v4.view.MenuItemCompat$OnActionExpandListener:
    boolean onMenuItemActionExpand(android.view.MenuItem) -> onMenuItemActionExpand
    boolean onMenuItemActionCollapse(android.view.MenuItem) -> onMenuItemActionCollapse
android.support.v4.view.MenuItemCompatHoneycomb -> android.support.v4.view.h:
    27:28:void setShowAsAction(android.view.MenuItem,int) -> a
    31:31:android.view.MenuItem setActionView(android.view.MenuItem,android.view.View) -> a
    35:35:android.view.MenuItem setActionView(android.view.MenuItem,int) -> b
    39:39:android.view.View getActionView(android.view.MenuItem) -> a
android.support.v4.view.MenuItemCompatIcs -> android.support.v4.view.i:
    24:24:boolean expandActionView(android.view.MenuItem) -> a
    28:28:boolean collapseActionView(android.view.MenuItem) -> b
    32:32:boolean isActionViewExpanded(android.view.MenuItem) -> c
    37:37:android.view.MenuItem setOnActionExpandListener(android.view.MenuItem,android.support.v4.view.MenuItemCompatIcs$SupportActionExpandProxy) -> a
android.support.v4.view.MenuItemCompatIcs$OnActionExpandListenerWrapper -> android.support.v4.view.i$a:
    android.support.v4.view.MenuItemCompatIcs$SupportActionExpandProxy mWrapped -> a
    54:56:void <init>(android.support.v4.view.MenuItemCompatIcs$SupportActionExpandProxy) -> <init>
    60:60:boolean onMenuItemActionExpand(android.view.MenuItem) -> onMenuItemActionExpand
    65:65:boolean onMenuItemActionCollapse(android.view.MenuItem) -> onMenuItemActionCollapse
android.support.v4.view.MenuItemCompatIcs$SupportActionExpandProxy -> android.support.v4.view.i$b:
    boolean onMenuItemActionExpand(android.view.MenuItem) -> a
    boolean onMenuItemActionCollapse(android.view.MenuItem) -> b