app/build/outputs/mapping/android/debug/usage.txt
com.qweri.phonenumbermanager.AllContactFragment:
    private static final int WHAT_GET_ONE_PERSION
com.qweri.phonenumbermanager.AssetsDatabaseManager:
    private static final java.lang.String FILE_NAME
    134:139:public boolean closeDatabase()
com.qweri.phonenumbermanager.BlackListUtils:
    public static final java.lang.String SP_BLOCK_NUMBER
    public static final java.lang.String SPLIT
    public static final java.lang.String SP_BLOCK_UNKNOW
    public static final java.lang.String SP_BLOCK_ALL
    public static final java.lang.String SP_RETURN_VOICE
    public static final java.lang.String SP_AUTO_BLOCK
    8:8:public BlackListUtils()
com.qweri.phonenumbermanager.BuildConfig
com.qweri.phonenumbermanager.CallLogBean:
    public static final int TYPE_IN
    public static final int TYPE_OUT
    private int count
    48:48:public int getCount()
    52:53:public void setCount(int)
    64:68:public boolean isSameCallLog(com.qweri.phonenumbermanager.CallLogBean)
com.qweri.phonenumbermanager.CallLogsFragment:
    private static final int LOAD_ONE_LOG_ID
com.qweri.phonenumbermanager.Constants
com.qweri.phonenumbermanager.ContactBean:
    7:13:public ContactBean(java.lang.String,java.lang.String)
com.qweri.phonenumbermanager.InterceptService:
    public static final java.lang.String EXTRA_CLICKED_NOTIFY
    public static final int NOTIFICATION_REQUEST_CODE
    public static final int ALART_MANAGER_REQUEST_CODE
    public static final java.lang.String UNKNOW_NUMBER
com.qweri.phonenumbermanager.MainActivity:
    private static final int OFFSET
    private static final int MSG_WAVE1_ANIMATION
    private static final int MSG_WAVE2_ANIMATION
com.qweri.phonenumbermanager.NotifyManager:
    public static final int NOTIFICATION_ID_ALIVE
    public static final int NOTIFICATION_ID_ALART
    20:20:public NotifyManager()
com.qweri.phonenumbermanager.R:
    10:2492:public R()
com.qweri.phonenumbermanager.R$anim
com.qweri.phonenumbermanager.R$array
com.qweri.phonenumbermanager.R$attr
com.qweri.phonenumbermanager.R$bool
com.qweri.phonenumbermanager.R$color
com.qweri.phonenumbermanager.R$dimen
com.qweri.phonenumbermanager.R$drawable
com.qweri.phonenumbermanager.R$id
com.qweri.phonenumbermanager.R$integer
com.qweri.phonenumbermanager.R$layout
com.qweri.phonenumbermanager.R$string
com.qweri.phonenumbermanager.R$style
com.qweri.phonenumbermanager.R$styleable:
    2492:2492:public R$styleable()
com.qweri.phonenumbermanager.adapter.AllContactAdapter:
    119:123:public int compare(com.qweri.phonenumbermanager.ContactBean,com.qweri.phonenumbermanager.ContactBean)
com.qweri.phonenumbermanager.adapter.CallLogsAdapter:
    123:127:public int compare(com.qweri.phonenumbermanager.ContactBean,com.qweri.phonenumbermanager.ContactBean)
com.qweri.phonenumbermanager.utils.SharedPreferenceUtils:
    public static final java.lang.String SP_ALIVE_NOTIFICATION_SWITCH
    11:11:public SharedPreferenceUtils()
...
com.tendcloud.tenddata.co:
    private static final long g
    private static final int h
com.tendcloud.tenddata.cr:
    public cr()
    public static org.json.JSONArray c(android.content.Context)
    public static java.lang.Long[][] e(android.content.Context)
com.tendcloud.tenddata.cs:
    static final boolean a
    private static final java.lang.String g
    private static final byte l
    private static final java.lang.String m
    public static void a(java.lang.Object,com.tendcloud.tenddata.cn,java.lang.String,java.lang.String)
    private static byte[] a(byte[],int,int,byte[],int)
    public static java.lang.String b(byte[])
    public static java.lang.String a(byte[],int,int)
    public static byte[] b(byte[],int,int)
    public static boolean a(android.content.Context)
    public static java.nio.channels.FileChannel d(android.content.Context,java.lang.String)
com.tendcloud.tenddata.ct
com.tendcloud.tenddata.cv
com.tendcloud.tenddata.cw
com.tendcloud.tenddata.cx
com.tendcloud.tenddata.cy
com.tendcloud.tenddata.cy$1
com.tendcloud.tenddata.cy$a
com.tendcloud.tenddata.cy$b
com.tendcloud.tenddata.cy$b$a
com.tendcloud.tenddata.cz
com.tendcloud.tenddata.d:
    public static final int a
    public static final int b
    public abstract void a(int,java.lang.String)
    public abstract void close(int)
    public abstract void a()
    public abstract void b(int,java.lang.String)
    public abstract void send(java.lang.String)
    public abstract void send(java.nio.ByteBuffer)
    public abstract void send(byte[])
    public abstract void a(com.tendcloud.tenddata.ad$a,java.nio.ByteBuffer,boolean)
    public abstract boolean b()
    public abstract java.net.InetSocketAddress c()
    public abstract boolean e()
    public abstract boolean f()
    public abstract boolean g()
    public abstract boolean h()
    public abstract boolean i()
    public abstract com.tendcloud.tenddata.l j()
    public abstract com.tendcloud.tenddata.d$a k()
    public abstract java.lang.String l()
com.tendcloud.tenddata.da
com.tendcloud.tenddata.db
com.tendcloud.tenddata.dc
com.tendcloud.tenddata.dd
com.tendcloud.tenddata.de
com.tendcloud.tenddata.df
com.tendcloud.tenddata.dg:
    public static android.content.Context a
    public static final java.lang.String d
    public static java.lang.String a(android.content.Context)
    public static java.lang.String b(android.content.Context)
com.tendcloud.tenddata.dj$a
com.tendcloud.tenddata.dj$b:
    public com.tendcloud.tenddata.dm a(java.lang.Object[])
com.tendcloud.tenddata.dk:
    private static final int d
    private static final int e
com.tendcloud.tenddata.dl:
    private static final int d
    private static java.lang.String a(java.nio.ByteBuffer)
com.tendcloud.tenddata.dm:
    java.lang.Object[] a()
    boolean a(java.lang.Object[])
com.tendcloud.tenddata.dn:
    private static final java.lang.String d
com.tendcloud.tenddata.dn$a
com.tendcloud.tenddata.do:
    private static final java.lang.String i
    private static final java.lang.String j
    private static final java.lang.String k
    private static final java.lang.String r
    private static final java.lang.String s
    private static final int t
    static final int b
    private static final int u
    private static final int v
    private static final int w
    private static final int x
    private static final int y
    private static final int z
    private static final int A
    private static final int B
    private static final int C
    private static final int D
    private static final int E
    public static final int c
    public static final java.lang.String d
    static final boolean e
    static final boolean f
    static final java.lang.String g
    static final java.lang.String h
    com.tendcloud.tenddata.do$d b()
    public void setEventBindings(org.json.JSONArray)
    public void setVariants(org.json.JSONArray)
    public void onLayoutError(com.tendcloud.tenddata.dr$e)